<?xml version="1.0" encoding="UTF-8"?>
<testng-results ignored="0" total="2" passed="2" failed="0" skipped="0">
  <reporter-output>
  </reporter-output>
  <suite started-at="2024-11-24T15:49:27Z" name="OrangeHRM Test suite" finished-at="2024-11-24T15:49:50Z" duration-ms="23201">
    <groups>
      <group name="cucumber">
        <method signature="AbstractTestNGCucumberTests.runScenario(io.cucumber.testng.PickleWrapper, io.cucumber.testng.FeatureWrapper)[pri:0, instance:testrunners.AdminLoginTest@1dd92fe2]" name="runScenario" class="io.cucumber.testng.AbstractTestNGCucumberTests"/>
        <method signature="AbstractTestNGCucumberTests.runScenario(io.cucumber.testng.PickleWrapper, io.cucumber.testng.FeatureWrapper)[pri:0, instance:testrunners.EmployeeRegTest@ca263c2]" name="runScenario" class="io.cucumber.testng.AbstractTestNGCucumberTests"/>
      </group> <!-- cucumber -->
    </groups>
    <test started-at="2024-11-24T15:49:27Z" name="Admin Login TestCase" finished-at="2024-11-24T15:49:27Z" duration-ms="297">
      <class name="testrunners.AdminLoginTest">
        <test-method is-config="true" signature="setUpClass(org.testng.ITestContext)[pri:0, instance:testrunners.AdminLoginTest@1dd92fe2]" started-at="2024-11-24T15:49:27Z" name="setUpClass" finished-at="2024-11-24T15:49:27Z" duration-ms="281" status="PASS">
          <params>
            <param index="0">
              <value>
                <![CDATA[org.testng.TestRunner@5fb65013]]>
              </value>
            </param>
          </params>
          <reporter-output>
          </reporter-output>
        </test-method> <!-- setUpClass -->
        <test-method is-config="true" signature="tearDownClass()[pri:0, instance:testrunners.AdminLoginTest@1dd92fe2]" started-at="2024-11-24T15:49:27Z" name="tearDownClass" finished-at="2024-11-24T15:49:27Z" duration-ms="0" status="PASS">
          <reporter-output>
          </reporter-output>
        </test-method> <!-- tearDownClass -->
      </class> <!-- testrunners.AdminLoginTest -->
    </test> <!-- Admin Login TestCase -->
    <test started-at="2024-11-24T15:49:27Z" name="Employee Registration TestCase" finished-at="2024-11-24T15:49:50Z" duration-ms="22779">
      <class name="testrunners.EmployeeRegTest">
        <test-method is-config="true" signature="setUpClass(org.testng.ITestContext)[pri:0, instance:testrunners.EmployeeRegTest@ca263c2]" started-at="2024-11-24T15:49:27Z" name="setUpClass" finished-at="2024-11-24T15:49:28Z" duration-ms="531" status="PASS">
          <params>
            <param index="0">
              <value>
                <![CDATA[org.testng.TestRunner@38a1a26]]>
              </value>
            </param>
          </params>
          <reporter-output>
          </reporter-output>
        </test-method> <!-- setUpClass -->
        <test-method signature="runScenario(io.cucumber.testng.PickleWrapper, io.cucumber.testng.FeatureWrapper)[pri:0, instance:testrunners.EmployeeRegTest@ca263c2]" started-at="2024-11-24T15:49:28Z" name="runScenario" description="Runs Cucumber Scenarios" data-provider="scenarios" finished-at="2024-11-24T15:49:40Z" duration-ms="12237" status="PASS">
          <params>
            <param index="0">
              <value>
                <![CDATA["New Employee Registration with VALID INPUTS"]]>
              </value>
            </param>
            <param index="1">
              <value>
                <![CDATA["NEW EMPLOYEE REGISTRATION"]]>
              </value>
            </param>
          </params>
          <reporter-output>
          </reporter-output>
        </test-method> <!-- runScenario -->
        <test-method signature="runScenario(io.cucumber.testng.PickleWrapper, io.cucumber.testng.FeatureWrapper)[pri:0, instance:testrunners.EmployeeRegTest@ca263c2]" started-at="2024-11-24T15:49:40Z" name="runScenario" description="Runs Cucumber Scenarios" data-provider="scenarios" finished-at="2024-11-24T15:49:50Z" duration-ms="9949" status="PASS">
          <params>
            <param index="0">
              <value>
                <![CDATA["New Employee Registration with VALID INPUTS"]]>
              </value>
            </param>
            <param index="1">
              <value>
                <![CDATA["NEW EMPLOYEE REGISTRATION"]]>
              </value>
            </param>
          </params>
          <reporter-output>
          </reporter-output>
        </test-method> <!-- runScenario -->
        <test-method is-config="true" signature="tearDownClass()[pri:0, instance:testrunners.EmployeeRegTest@ca263c2]" started-at="2024-11-24T15:49:50Z" name="tearDownClass" finished-at="2024-11-24T15:49:50Z" duration-ms="62" status="PASS">
          <reporter-output>
          </reporter-output>
        </test-method> <!-- tearDownClass -->
      </class> <!-- testrunners.EmployeeRegTest -->
    </test> <!-- Employee Registration TestCase -->
  </suite> <!-- OrangeHRM Test suite -->
</testng-results>
