<?xml version="1.0" encoding="UTF-8"?>
<testng-results ignored="0" total="2" passed="2" failed="0" skipped="0">
  <reporter-output>
  </reporter-output>
  <suite started-at="2024-09-24T14:14:41Z" name="Default suite" finished-at="2024-09-24T14:15:12Z" duration-ms="30522">
    <groups>
      <group name="cucumber">
        <method signature="AbstractTestNGCucumberTests.runScenario(io.cucumber.testng.PickleWrapper, io.cucumber.testng.FeatureWrapper)[pri:0, instance:testrunners.EmployeeRegTest@20c0a64d]" name="runScenario" class="io.cucumber.testng.AbstractTestNGCucumberTests"/>
      </group> <!-- cucumber -->
    </groups>
    <test started-at="2024-09-24T14:14:41Z" name="Default test" finished-at="2024-09-24T14:15:12Z" duration-ms="30522">
      <class name="testrunners.EmployeeRegTest">
        <test-method is-config="true" signature="setUpClass(org.testng.ITestContext)[pri:0, instance:testrunners.EmployeeRegTest@20c0a64d]" started-at="2024-09-24T14:14:41Z" name="setUpClass" finished-at="2024-09-24T14:14:42Z" duration-ms="847" status="PASS">
          <params>
            <param index="0">
              <value>
                <![CDATA[org.testng.TestRunner@3762c4fc]]>
              </value>
            </param>
          </params>
          <reporter-output>
          </reporter-output>
        </test-method> <!-- setUpClass -->
        <test-method signature="runScenario(io.cucumber.testng.PickleWrapper, io.cucumber.testng.FeatureWrapper)[pri:0, instance:testrunners.EmployeeRegTest@20c0a64d]" started-at="2024-09-24T14:14:42Z" name="runScenario" description="Runs Cucumber Scenarios" data-provider="scenarios" finished-at="2024-09-24T14:14:56Z" duration-ms="13545" status="PASS">
          <params>
            <param index="0">
              <value>
                <![CDATA["New Employee Registration with VALID INPUTS"]]>
              </value>
            </param>
            <param index="1">
              <value>
                <![CDATA["NEW EMPLOYEE REGISTRATION"]]>
              </value>
            </param>
          </params>
          <reporter-output>
          </reporter-output>
        </test-method> <!-- runScenario -->
        <test-method signature="runScenario(io.cucumber.testng.PickleWrapper, io.cucumber.testng.FeatureWrapper)[pri:0, instance:testrunners.EmployeeRegTest@20c0a64d]" started-at="2024-09-24T14:14:56Z" name="runScenario" description="Runs Cucumber Scenarios" data-provider="scenarios" finished-at="2024-09-24T14:15:12Z" duration-ms="15977" status="PASS">
          <params>
            <param index="0">
              <value>
                <![CDATA["New Employee Registration with VALID INPUTS"]]>
              </value>
            </param>
            <param index="1">
              <value>
                <![CDATA["NEW EMPLOYEE REGISTRATION"]]>
              </value>
            </param>
          </params>
          <reporter-output>
          </reporter-output>
        </test-method> <!-- runScenario -->
        <test-method is-config="true" signature="tearDownClass()[pri:0, instance:testrunners.EmployeeRegTest@20c0a64d]" started-at="2024-09-24T14:15:12Z" name="tearDownClass" finished-at="2024-09-24T14:15:12Z" duration-ms="109" status="PASS">
          <reporter-output>
          </reporter-output>
        </test-method> <!-- tearDownClass -->
      </class> <!-- testrunners.EmployeeRegTest -->
    </test> <!-- Default test -->
  </suite> <!-- Default suite -->
</testng-results>
