<?xml version="1.0" encoding="UTF-8"?>
<testng-results ignored="0" total="2" passed="2" failed="0" skipped="0">
  <reporter-output>
  </reporter-output>
  <suite started-at="2025-04-07T07:12:50Z" name="Default suite" finished-at="2025-04-07T07:13:30Z" duration-ms="39113">
    <groups>
      <group name="cucumber">
        <method signature="AbstractTestNGCucumberTests.runScenario(io.cucumber.testng.PickleWrapper, io.cucumber.testng.FeatureWrapper)[pri:0, instance:testrunners.AdminLoginTest@34129c78]" name="runScenario" class="io.cucumber.testng.AbstractTestNGCucumberTests"/>
        <method signature="AbstractTestNGCucumberTests.runScenario(io.cucumber.testng.PickleWrapper, io.cucumber.testng.FeatureWrapper)[pri:0, instance:testrunners.EmployeeRegTest@53f3bdbd]" name="runScenario" class="io.cucumber.testng.AbstractTestNGCucumberTests"/>
      </group> <!-- cucumber -->
    </groups>
    <test started-at="2025-04-07T07:12:50Z" name="Default test" finished-at="2025-04-07T07:13:30Z" duration-ms="39113">
      <class name="testrunners.EmployeeRegTest">
        <test-method is-config="true" signature="setUpClass(org.testng.ITestContext)[pri:0, instance:testrunners.EmployeeRegTest@53f3bdbd]" started-at="2025-04-07T07:12:50Z" name="setUpClass" finished-at="2025-04-07T07:12:51Z" duration-ms="737" status="PASS">
          <params>
            <param index="0">
              <value>
                <![CDATA[org.testng.TestRunner@4c1bdcc2]]>
              </value>
            </param>
          </params>
          <reporter-output>
          </reporter-output>
        </test-method> <!-- setUpClass -->
        <test-method signature="runScenario(io.cucumber.testng.PickleWrapper, io.cucumber.testng.FeatureWrapper)[pri:0, instance:testrunners.EmployeeRegTest@53f3bdbd]" started-at="2025-04-07T07:12:51Z" name="runScenario" description="Runs Cucumber Scenarios" data-provider="scenarios" finished-at="2025-04-07T07:13:11Z" duration-ms="19543" status="PASS">
          <params>
            <param index="0">
              <value>
                <![CDATA["New Employee Registration with VALID INPUTS"]]>
              </value>
            </param>
            <param index="1">
              <value>
                <![CDATA["NEW EMPLOYEE REGISTRATION"]]>
              </value>
            </param>
          </params>
          <reporter-output>
          </reporter-output>
        </test-method> <!-- runScenario -->
        <test-method signature="runScenario(io.cucumber.testng.PickleWrapper, io.cucumber.testng.FeatureWrapper)[pri:0, instance:testrunners.EmployeeRegTest@53f3bdbd]" started-at="2025-04-07T07:13:11Z" name="runScenario" description="Runs Cucumber Scenarios" data-provider="scenarios" finished-at="2025-04-07T07:13:29Z" duration-ms="18681" status="PASS">
          <params>
            <param index="0">
              <value>
                <![CDATA["New Employee Registration with VALID INPUTS"]]>
              </value>
            </param>
            <param index="1">
              <value>
                <![CDATA["NEW EMPLOYEE REGISTRATION"]]>
              </value>
            </param>
          </params>
          <reporter-output>
          </reporter-output>
        </test-method> <!-- runScenario -->
        <test-method is-config="true" signature="tearDownClass()[pri:0, instance:testrunners.EmployeeRegTest@53f3bdbd]" started-at="2025-04-07T07:13:29Z" name="tearDownClass" finished-at="2025-04-07T07:13:30Z" duration-ms="110" status="PASS">
          <reporter-output>
          </reporter-output>
        </test-method> <!-- tearDownClass -->
      </class> <!-- testrunners.EmployeeRegTest -->
      <class name="testrunners.AdminLoginTest">
        <test-method is-config="true" signature="setUpClass(org.testng.ITestContext)[pri:0, instance:testrunners.AdminLoginTest@34129c78]" started-at="2025-04-07T07:13:30Z" name="setUpClass" finished-at="2025-04-07T07:13:30Z" duration-ms="16" status="PASS">
          <params>
            <param index="0">
              <value>
                <![CDATA[org.testng.TestRunner@4c1bdcc2]]>
              </value>
            </param>
          </params>
          <reporter-output>
          </reporter-output>
        </test-method> <!-- setUpClass -->
        <test-method is-config="true" signature="tearDownClass()[pri:0, instance:testrunners.AdminLoginTest@34129c78]" started-at="2025-04-07T07:13:30Z" name="tearDownClass" finished-at="2025-04-07T07:13:30Z" duration-ms="0" status="PASS">
          <reporter-output>
          </reporter-output>
        </test-method> <!-- tearDownClass -->
      </class> <!-- testrunners.AdminLoginTest -->
    </test> <!-- Default test -->
  </suite> <!-- Default suite -->
</testng-results>
