<?xml version="1.0" encoding="UTF-8"?>
<testng-results ignored="0" total="2" passed="0" failed="2" skipped="0">
  <reporter-output>
  </reporter-output>
  <suite started-at="2024-07-01T18:37:40Z" name="OrangeHRM Test suite" finished-at="2024-07-01T18:37:47Z" duration-ms="6342">
    <groups>
      <group name="cucumber">
        <method signature="AbstractTestNGCucumberTests.runScenario(io.cucumber.testng.PickleWrapper, io.cucumber.testng.FeatureWrapper)[pri:0, instance:testrunners.AdminLoginTest@55536d9e]" name="runScenario" class="io.cucumber.testng.AbstractTestNGCucumberTests"/>
        <method signature="AbstractTestNGCucumberTests.runScenario(io.cucumber.testng.PickleWrapper, io.cucumber.testng.FeatureWrapper)[pri:0, instance:testrunners.EmployeeRegTest@48974e45]" name="runScenario" class="io.cucumber.testng.AbstractTestNGCucumberTests"/>
      </group> <!-- cucumber -->
    </groups>
    <test started-at="2024-07-01T18:37:40Z" name="Admin Login TestCase" finished-at="2024-07-01T18:37:41Z" duration-ms="571">
      <class name="testrunners.AdminLoginTest">
        <test-method is-config="true" signature="setUpClass(org.testng.ITestContext)[pri:0, instance:testrunners.AdminLoginTest@55536d9e]" started-at="2024-07-01T18:37:40Z" name="setUpClass" finished-at="2024-07-01T18:37:41Z" duration-ms="545" status="PASS">
          <params>
            <param index="0">
              <value>
                <![CDATA[org.testng.TestRunner@7c891ba7]]>
              </value>
            </param>
          </params>
          <reporter-output>
          </reporter-output>
        </test-method> <!-- setUpClass -->
        <test-method is-config="true" signature="tearDownClass()[pri:0, instance:testrunners.AdminLoginTest@55536d9e]" started-at="2024-07-01T18:37:41Z" name="tearDownClass" finished-at="2024-07-01T18:37:41Z" duration-ms="3" status="PASS">
          <reporter-output>
          </reporter-output>
        </test-method> <!-- tearDownClass -->
      </class> <!-- testrunners.AdminLoginTest -->
    </test> <!-- Admin Login TestCase -->
    <test started-at="2024-07-01T18:37:41Z" name="Employee Registration TestCase" finished-at="2024-07-01T18:37:47Z" duration-ms="5710">
      <class name="testrunners.EmployeeRegTest">
        <test-method is-config="true" signature="setUpClass(org.testng.ITestContext)[pri:0, instance:testrunners.EmployeeRegTest@48974e45]" started-at="2024-07-01T18:37:41Z" name="setUpClass" finished-at="2024-07-01T18:37:42Z" duration-ms="572" status="PASS">
          <params>
            <param index="0">
              <value>
                <![CDATA[org.testng.TestRunner@6240651f]]>
              </value>
            </param>
          </params>
          <reporter-output>
          </reporter-output>
        </test-method> <!-- setUpClass -->
        <test-method signature="runScenario(io.cucumber.testng.PickleWrapper, io.cucumber.testng.FeatureWrapper)[pri:0, instance:testrunners.EmployeeRegTest@48974e45]" started-at="2024-07-01T18:37:42Z" name="runScenario" description="Runs Cucumber Scenarios" data-provider="scenarios" finished-at="2024-07-01T18:37:45Z" duration-ms="3030" status="FAIL">
          <params>
            <param index="0">
              <value>
                <![CDATA["New Employee Registration with VALID INPUTS"]]>
              </value>
            </param>
            <param index="1">
              <value>
                <![CDATA["NEW EMPLOYEE REGISTRATION"]]>
              </value>
            </param>
          </params>
          <exception class="org.openqa.selenium.SessionNotCreatedException">
            <message>
              <![CDATA[session not created: This version of ChromeDriver only supports Chrome version 119
Current browser version is 126.0.6478.127 with binary path C:\Program Files\Google\Chrome\Application\chrome.exe
Build info: version: '3.141.59', revision: 'e82be7d358', time: '2018-11-14T08:17:03'
System info: host: 'MRBIJAYKUMAR', ip: '192.168.1.44', os.name: 'Windows 10', os.arch: 'amd64', os.version: '10.0', java.version: '11.0.9'
Driver info: driver.version: ChromeDriver
remote stacktrace: GetHandleVerifier [0x00007FF799AE82B2+55298]
(No symbol) [0x00007FF799A55E02]
(No symbol) [0x00007FF7999105AB]
(No symbol) [0x00007FF799943E72]
(No symbol) [0x00007FF7999432FE]
(No symbol) [0x00007FF79993EC6C]
(No symbol) [0x00007FF79993B30E]
(No symbol) [0x00007FF79997A198]
(No symbol) [0x00007FF799979CB0]
(No symbol) [0x00007FF799971E83]
(No symbol) [0x00007FF79994670A]
(No symbol) [0x00007FF799947964]
GetHandleVerifier [0x00007FF799E60AAB+3694587]
GetHandleVerifier [0x00007FF799EB728E+4048862]
GetHandleVerifier [0x00007FF799EAF173+4015811]
GetHandleVerifier [0x00007FF799B847D6+695590]
(No symbol) [0x00007FF799A60CE8]
(No symbol) [0x00007FF799A5CF34]
(No symbol) [0x00007FF799A5D062]
(No symbol) [0x00007FF799A4D3A3]
BaseThreadInitThunk [0x00007FFFAEE1257D+29]
RtlUserThreadStart [0x00007FFFAFFCAF28+40]
]]>
            </message>
            <full-stacktrace>
              <![CDATA[org.openqa.selenium.SessionNotCreatedException: session not created: This version of ChromeDriver only supports Chrome version 119
Current browser version is 126.0.6478.127 with binary path C:\Program Files\Google\Chrome\Application\chrome.exe
Build info: version: '3.141.59', revision: 'e82be7d358', time: '2018-11-14T08:17:03'
System info: host: 'MRBIJAYKUMAR', ip: '192.168.1.44', os.name: 'Windows 10', os.arch: 'amd64', os.version: '10.0', java.version: '11.0.9'
Driver info: driver.version: ChromeDriver
remote stacktrace: GetHandleVerifier [0x00007FF799AE82B2+55298]
(No symbol) [0x00007FF799A55E02]
(No symbol) [0x00007FF7999105AB]
(No symbol) [0x00007FF799943E72]
(No symbol) [0x00007FF7999432FE]
(No symbol) [0x00007FF79993EC6C]
(No symbol) [0x00007FF79993B30E]
(No symbol) [0x00007FF79997A198]
(No symbol) [0x00007FF799979CB0]
(No symbol) [0x00007FF799971E83]
(No symbol) [0x00007FF79994670A]
(No symbol) [0x00007FF799947964]
GetHandleVerifier [0x00007FF799E60AAB+3694587]
GetHandleVerifier [0x00007FF799EB728E+4048862]
GetHandleVerifier [0x00007FF799EAF173+4015811]
GetHandleVerifier [0x00007FF799B847D6+695590]
(No symbol) [0x00007FF799A60CE8]
(No symbol) [0x00007FF799A5CF34]
(No symbol) [0x00007FF799A5D062]
(No symbol) [0x00007FF799A4D3A3]
BaseThreadInitThunk [0x00007FFFAEE1257D+29]
RtlUserThreadStart [0x00007FFFAFFCAF28+40]

at java.base/jdk.internal.reflect.NativeConstructorAccessorImpl.newInstance0(Native Method)
at java.base/jdk.internal.reflect.NativeConstructorAccessorImpl.newInstance(NativeConstructorAccessorImpl.java:62)
at java.base/jdk.internal.reflect.DelegatingConstructorAccessorImpl.newInstance(DelegatingConstructorAccessorImpl.java:45)
at java.base/java.lang.reflect.Constructor.newInstance(Constructor.java:490)
at org.openqa.selenium.remote.W3CHandshakeResponse.lambda$errorHandler$0(W3CHandshakeResponse.java:62)
at org.openqa.selenium.remote.HandshakeResponse.lambda$getResponseFunction$0(HandshakeResponse.java:30)
at org.openqa.selenium.remote.ProtocolHandshake.lambda$createSession$0(ProtocolHandshake.java:126)
at java.base/java.util.stream.ReferencePipeline$3$1.accept(ReferencePipeline.java:195)
at java.base/java.util.Spliterators$ArraySpliterator.tryAdvance(Spliterators.java:958)
at java.base/java.util.stream.ReferencePipeline.forEachWithCancel(ReferencePipeline.java:127)
at java.base/java.util.stream.AbstractPipeline.copyIntoWithCancel(AbstractPipeline.java:502)
at java.base/java.util.stream.AbstractPipeline.copyInto(AbstractPipeline.java:488)
at java.base/java.util.stream.AbstractPipeline.wrapAndCopyInto(AbstractPipeline.java:474)
at java.base/java.util.stream.FindOps$FindOp.evaluateSequential(FindOps.java:150)
at java.base/java.util.stream.AbstractPipeline.evaluate(AbstractPipeline.java:234)
at java.base/java.util.stream.ReferencePipeline.findFirst(ReferencePipeline.java:543)
at org.openqa.selenium.remote.ProtocolHandshake.createSession(ProtocolHandshake.java:128)
at org.openqa.selenium.remote.ProtocolHandshake.createSession(ProtocolHandshake.java:74)
at org.openqa.selenium.remote.HttpCommandExecutor.execute(HttpCommandExecutor.java:136)
at org.openqa.selenium.remote.service.DriverCommandExecutor.execute(DriverCommandExecutor.java:83)
at org.openqa.selenium.remote.RemoteWebDriver.execute(RemoteWebDriver.java:552)
at org.openqa.selenium.remote.RemoteWebDriver.startSession(RemoteWebDriver.java:213)
at org.openqa.selenium.remote.RemoteWebDriver.<init>(RemoteWebDriver.java:131)
at org.openqa.selenium.chrome.ChromeDriver.<init>(ChromeDriver.java:181)
at org.openqa.selenium.chrome.ChromeDriver.<init>(ChromeDriver.java:168)
at org.openqa.selenium.chrome.ChromeDriver.<init>(ChromeDriver.java:123)
at stepdefinations.OrangeHRM.i_open_browser_with_url(OrangeHRM.java:24)
at ✽.i open browser with url "http://orangehrm.qedgetech.com"(file:///C:/Users/DELL/eclipse-workspace/OrangeHRM_Cucumber/featurefiles/employee.feature:8)
]]>
            </full-stacktrace>
          </exception> <!-- org.openqa.selenium.SessionNotCreatedException -->
          <reporter-output>
          </reporter-output>
        </test-method> <!-- runScenario -->
        <test-method signature="runScenario(io.cucumber.testng.PickleWrapper, io.cucumber.testng.FeatureWrapper)[pri:0, instance:testrunners.EmployeeRegTest@48974e45]" started-at="2024-07-01T18:37:45Z" name="runScenario" description="Runs Cucumber Scenarios" data-provider="scenarios" finished-at="2024-07-01T18:37:47Z" duration-ms="1985" status="FAIL">
          <params>
            <param index="0">
              <value>
                <![CDATA["New Employee Registration with VALID INPUTS"]]>
              </value>
            </param>
            <param index="1">
              <value>
                <![CDATA["NEW EMPLOYEE REGISTRATION"]]>
              </value>
            </param>
          </params>
          <exception class="org.openqa.selenium.SessionNotCreatedException">
            <message>
              <![CDATA[session not created: This version of ChromeDriver only supports Chrome version 119
Current browser version is 126.0.6478.127 with binary path C:\Program Files\Google\Chrome\Application\chrome.exe
Build info: version: '3.141.59', revision: 'e82be7d358', time: '2018-11-14T08:17:03'
System info: host: 'MRBIJAYKUMAR', ip: '192.168.1.44', os.name: 'Windows 10', os.arch: 'amd64', os.version: '10.0', java.version: '11.0.9'
Driver info: driver.version: ChromeDriver
remote stacktrace: GetHandleVerifier [0x00007FF799AE82B2+55298]
(No symbol) [0x00007FF799A55E02]
(No symbol) [0x00007FF7999105AB]
(No symbol) [0x00007FF799943E72]
(No symbol) [0x00007FF7999432FE]
(No symbol) [0x00007FF79993EC6C]
(No symbol) [0x00007FF79993B30E]
(No symbol) [0x00007FF79997A198]
(No symbol) [0x00007FF799979CB0]
(No symbol) [0x00007FF799971E83]
(No symbol) [0x00007FF79994670A]
(No symbol) [0x00007FF799947964]
GetHandleVerifier [0x00007FF799E60AAB+3694587]
GetHandleVerifier [0x00007FF799EB728E+4048862]
GetHandleVerifier [0x00007FF799EAF173+4015811]
GetHandleVerifier [0x00007FF799B847D6+695590]
(No symbol) [0x00007FF799A60CE8]
(No symbol) [0x00007FF799A5CF34]
(No symbol) [0x00007FF799A5D062]
(No symbol) [0x00007FF799A4D3A3]
BaseThreadInitThunk [0x00007FFFAEE1257D+29]
RtlUserThreadStart [0x00007FFFAFFCAF28+40]
]]>
            </message>
            <full-stacktrace>
              <![CDATA[org.openqa.selenium.SessionNotCreatedException: session not created: This version of ChromeDriver only supports Chrome version 119
Current browser version is 126.0.6478.127 with binary path C:\Program Files\Google\Chrome\Application\chrome.exe
Build info: version: '3.141.59', revision: 'e82be7d358', time: '2018-11-14T08:17:03'
System info: host: 'MRBIJAYKUMAR', ip: '192.168.1.44', os.name: 'Windows 10', os.arch: 'amd64', os.version: '10.0', java.version: '11.0.9'
Driver info: driver.version: ChromeDriver
remote stacktrace: GetHandleVerifier [0x00007FF799AE82B2+55298]
(No symbol) [0x00007FF799A55E02]
(No symbol) [0x00007FF7999105AB]
(No symbol) [0x00007FF799943E72]
(No symbol) [0x00007FF7999432FE]
(No symbol) [0x00007FF79993EC6C]
(No symbol) [0x00007FF79993B30E]
(No symbol) [0x00007FF79997A198]
(No symbol) [0x00007FF799979CB0]
(No symbol) [0x00007FF799971E83]
(No symbol) [0x00007FF79994670A]
(No symbol) [0x00007FF799947964]
GetHandleVerifier [0x00007FF799E60AAB+3694587]
GetHandleVerifier [0x00007FF799EB728E+4048862]
GetHandleVerifier [0x00007FF799EAF173+4015811]
GetHandleVerifier [0x00007FF799B847D6+695590]
(No symbol) [0x00007FF799A60CE8]
(No symbol) [0x00007FF799A5CF34]
(No symbol) [0x00007FF799A5D062]
(No symbol) [0x00007FF799A4D3A3]
BaseThreadInitThunk [0x00007FFFAEE1257D+29]
RtlUserThreadStart [0x00007FFFAFFCAF28+40]

at java.base/jdk.internal.reflect.NativeConstructorAccessorImpl.newInstance0(Native Method)
at java.base/jdk.internal.reflect.NativeConstructorAccessorImpl.newInstance(NativeConstructorAccessorImpl.java:62)
at java.base/jdk.internal.reflect.DelegatingConstructorAccessorImpl.newInstance(DelegatingConstructorAccessorImpl.java:45)
at java.base/java.lang.reflect.Constructor.newInstance(Constructor.java:490)
at org.openqa.selenium.remote.W3CHandshakeResponse.lambda$errorHandler$0(W3CHandshakeResponse.java:62)
at org.openqa.selenium.remote.HandshakeResponse.lambda$getResponseFunction$0(HandshakeResponse.java:30)
at org.openqa.selenium.remote.ProtocolHandshake.lambda$createSession$0(ProtocolHandshake.java:126)
at java.base/java.util.stream.ReferencePipeline$3$1.accept(ReferencePipeline.java:195)
at java.base/java.util.Spliterators$ArraySpliterator.tryAdvance(Spliterators.java:958)
at java.base/java.util.stream.ReferencePipeline.forEachWithCancel(ReferencePipeline.java:127)
at java.base/java.util.stream.AbstractPipeline.copyIntoWithCancel(AbstractPipeline.java:502)
at java.base/java.util.stream.AbstractPipeline.copyInto(AbstractPipeline.java:488)
at java.base/java.util.stream.AbstractPipeline.wrapAndCopyInto(AbstractPipeline.java:474)
at java.base/java.util.stream.FindOps$FindOp.evaluateSequential(FindOps.java:150)
at java.base/java.util.stream.AbstractPipeline.evaluate(AbstractPipeline.java:234)
at java.base/java.util.stream.ReferencePipeline.findFirst(ReferencePipeline.java:543)
at org.openqa.selenium.remote.ProtocolHandshake.createSession(ProtocolHandshake.java:128)
at org.openqa.selenium.remote.ProtocolHandshake.createSession(ProtocolHandshake.java:74)
at org.openqa.selenium.remote.HttpCommandExecutor.execute(HttpCommandExecutor.java:136)
at org.openqa.selenium.remote.service.DriverCommandExecutor.execute(DriverCommandExecutor.java:83)
at org.openqa.selenium.remote.RemoteWebDriver.execute(RemoteWebDriver.java:552)
at org.openqa.selenium.remote.RemoteWebDriver.startSession(RemoteWebDriver.java:213)
at org.openqa.selenium.remote.RemoteWebDriver.<init>(RemoteWebDriver.java:131)
at org.openqa.selenium.chrome.ChromeDriver.<init>(ChromeDriver.java:181)
at org.openqa.selenium.chrome.ChromeDriver.<init>(ChromeDriver.java:168)
at org.openqa.selenium.chrome.ChromeDriver.<init>(ChromeDriver.java:123)
at stepdefinations.OrangeHRM.i_open_browser_with_url(OrangeHRM.java:24)
at ✽.i open browser with url "http://orangehrm.qedgetech.com"(file:///C:/Users/DELL/eclipse-workspace/OrangeHRM_Cucumber/featurefiles/employee.feature:8)
]]>
            </full-stacktrace>
          </exception> <!-- org.openqa.selenium.SessionNotCreatedException -->
          <reporter-output>
          </reporter-output>
        </test-method> <!-- runScenario -->
        <test-method is-config="true" signature="tearDownClass()[pri:0, instance:testrunners.EmployeeRegTest@48974e45]" started-at="2024-07-01T18:37:47Z" name="tearDownClass" finished-at="2024-07-01T18:37:47Z" duration-ms="91" status="PASS">
          <reporter-output>
          </reporter-output>
        </test-method> <!-- tearDownClass -->
      </class> <!-- testrunners.EmployeeRegTest -->
    </test> <!-- Employee Registration TestCase -->
  </suite> <!-- OrangeHRM Test suite -->
</testng-results>
