<?xml version="1.0" encoding="UTF-8"?>
<testng-results ignored="0" total="2" passed="2" failed="0" skipped="0">
  <reporter-output>
  </reporter-output>
  <suite started-at="2025-08-20T16:03:44Z" name="Default suite" finished-at="2025-08-20T16:04:33Z" duration-ms="48269">
    <groups>
      <group name="cucumber">
        <method signature="AbstractTestNGCucumberTests.runScenario(io.cucumber.testng.PickleWrapper, io.cucumber.testng.FeatureWrapper)[pri:0, instance:testrunners.EmployeeRegTest@10289886]" name="runScenario" class="io.cucumber.testng.AbstractTestNGCucumberTests"/>
      </group> <!-- cucumber -->
    </groups>
    <test started-at="2025-08-20T16:03:44Z" name="Default test" finished-at="2025-08-20T16:04:33Z" duration-ms="48269">
      <class name="testrunners.EmployeeRegTest">
        <test-method is-config="true" signature="setUpClass(org.testng.ITestContext)[pri:0, instance:testrunners.EmployeeRegTest@10289886]" started-at="2025-08-20T16:03:44Z" name="setUpClass" finished-at="2025-08-20T16:03:45Z" duration-ms="1188" status="PASS">
          <params>
            <param index="0">
              <value>
                <![CDATA[org.testng.TestRunner@467b684d]]>
              </value>
            </param>
          </params>
          <reporter-output>
          </reporter-output>
        </test-method> <!-- setUpClass -->
        <test-method signature="runScenario(io.cucumber.testng.PickleWrapper, io.cucumber.testng.FeatureWrapper)[pri:0, instance:testrunners.EmployeeRegTest@10289886]" started-at="2025-08-20T16:03:46Z" name="runScenario" description="Runs Cucumber Scenarios" data-provider="scenarios" finished-at="2025-08-20T16:04:10Z" duration-ms="24369" status="PASS">
          <params>
            <param index="0">
              <value>
                <![CDATA["New Employee Registration with VALID INPUTS"]]>
              </value>
            </param>
            <param index="1">
              <value>
                <![CDATA["NEW EMPLOYEE REGISTRATION"]]>
              </value>
            </param>
          </params>
          <reporter-output>
          </reporter-output>
        </test-method> <!-- runScenario -->
        <test-method signature="runScenario(io.cucumber.testng.PickleWrapper, io.cucumber.testng.FeatureWrapper)[pri:0, instance:testrunners.EmployeeRegTest@10289886]" started-at="2025-08-20T16:04:10Z" name="runScenario" description="Runs Cucumber Scenarios" data-provider="scenarios" finished-at="2025-08-20T16:04:32Z" duration-ms="22565" status="PASS">
          <params>
            <param index="0">
              <value>
                <![CDATA["New Employee Registration with VALID INPUTS"]]>
              </value>
            </param>
            <param index="1">
              <value>
                <![CDATA["NEW EMPLOYEE REGISTRATION"]]>
              </value>
            </param>
          </params>
          <reporter-output>
          </reporter-output>
        </test-method> <!-- runScenario -->
        <test-method is-config="true" signature="tearDownClass()[pri:0, instance:testrunners.EmployeeRegTest@10289886]" started-at="2025-08-20T16:04:32Z" name="tearDownClass" finished-at="2025-08-20T16:04:33Z" duration-ms="109" status="PASS">
          <reporter-output>
          </reporter-output>
        </test-method> <!-- tearDownClass -->
      </class> <!-- testrunners.EmployeeRegTest -->
    </test> <!-- Default test -->
  </suite> <!-- Default suite -->
</testng-results>
