<?xml version="1.0" encoding="UTF-8"?>
<!-- Generated by org.testng.reporters.JUnitReportReporter -->
<testsuite hostname="MrBijayKumar" failures="0" tests="2" name="testrunners.EmployeeRegTest" time="5.015" errors="2" timestamp="01 Jul 2024 18:37:47 GMT" skipped="0">
  <testcase classname="testrunners.EmployeeRegTest" name="runScenario" time="3.030">
    <error message="session not created: This version of ChromeDriver only supports Chrome version 119
Current browser version is 126.0.6478.127 with binary path C:\Program Files\Google\Chrome\Application\chrome.exe
Build info: version: &#039;3.141.59&#039;, revision: &#039;e82be7d358&#039;, time: &#039;2018-11-14T08:17:03&#039;
System info: host: &#039;MRBIJAYKUMAR&#039;, ip: &#039;192.168.1.44&#039;, os.name: &#039;Windows 10&#039;, os.arch: &#039;amd64&#039;, os.version: &#039;10.0&#039;, java.version: &#039;11.0.9&#039;
Driver info: driver.version: ChromeDriver
remote stacktrace: 	GetHandleVerifier [0x00007FF799AE82B2+55298]
	(No symbol) [0x00007FF799A55E02]
	(No symbol) [0x00007FF7999105AB]
	(No symbol) [0x00007FF799943E72]
	(No symbol) [0x00007FF7999432FE]
	(No symbol) [0x00007FF79993EC6C]
	(No symbol) [0x00007FF79993B30E]
	(No symbol) [0x00007FF79997A198]
	(No symbol) [0x00007FF799979CB0]
	(No symbol) [0x00007FF799971E83]
	(No symbol) [0x00007FF79994670A]
	(No symbol) [0x00007FF799947964]
	GetHandleVerifier [0x00007FF799E60AAB+3694587]
	GetHandleVerifier [0x00007FF799EB728E+4048862]
	GetHandleVerifier [0x00007FF799EAF173+4015811]
	GetHandleVerifier [0x00007FF799B847D6+695590]
	(No symbol) [0x00007FF799A60CE8]
	(No symbol) [0x00007FF799A5CF34]
	(No symbol) [0x00007FF799A5D062]
	(No symbol) [0x00007FF799A4D3A3]
	BaseThreadInitThunk [0x00007FFFAEE1257D+29]
	RtlUserThreadStart [0x00007FFFAFFCAF28+40]
" type="org.openqa.selenium.SessionNotCreatedException">
      <![CDATA[org.openqa.selenium.SessionNotCreatedException: session not created: This version of ChromeDriver only supports Chrome version 119
Current browser version is 126.0.6478.127 with binary path C:\Program Files\Google\Chrome\Application\chrome.exe
Build info: version: '3.141.59', revision: 'e82be7d358', time: '2018-11-14T08:17:03'
System info: host: 'MRBIJAYKUMAR', ip: '192.168.1.44', os.name: 'Windows 10', os.arch: 'amd64', os.version: '10.0', java.version: '11.0.9'
Driver info: driver.version: ChromeDriver
remote stacktrace: GetHandleVerifier [0x00007FF799AE82B2+55298]
(No symbol) [0x00007FF799A55E02]
(No symbol) [0x00007FF7999105AB]
(No symbol) [0x00007FF799943E72]
(No symbol) [0x00007FF7999432FE]
(No symbol) [0x00007FF79993EC6C]
(No symbol) [0x00007FF79993B30E]
(No symbol) [0x00007FF79997A198]
(No symbol) [0x00007FF799979CB0]
(No symbol) [0x00007FF799971E83]
(No symbol) [0x00007FF79994670A]
(No symbol) [0x00007FF799947964]
GetHandleVerifier [0x00007FF799E60AAB+3694587]
GetHandleVerifier [0x00007FF799EB728E+4048862]
GetHandleVerifier [0x00007FF799EAF173+4015811]
GetHandleVerifier [0x00007FF799B847D6+695590]
(No symbol) [0x00007FF799A60CE8]
(No symbol) [0x00007FF799A5CF34]
(No symbol) [0x00007FF799A5D062]
(No symbol) [0x00007FF799A4D3A3]
BaseThreadInitThunk [0x00007FFFAEE1257D+29]
RtlUserThreadStart [0x00007FFFAFFCAF28+40]

at java.base/jdk.internal.reflect.NativeConstructorAccessorImpl.newInstance0(Native Method)
at java.base/jdk.internal.reflect.NativeConstructorAccessorImpl.newInstance(NativeConstructorAccessorImpl.java:62)
at java.base/jdk.internal.reflect.DelegatingConstructorAccessorImpl.newInstance(DelegatingConstructorAccessorImpl.java:45)
at java.base/java.lang.reflect.Constructor.newInstance(Constructor.java:490)
at org.openqa.selenium.remote.W3CHandshakeResponse.lambda$errorHandler$0(W3CHandshakeResponse.java:62)
at org.openqa.selenium.remote.HandshakeResponse.lambda$getResponseFunction$0(HandshakeResponse.java:30)
at org.openqa.selenium.remote.ProtocolHandshake.lambda$createSession$0(ProtocolHandshake.java:126)
at java.base/java.util.stream.ReferencePipeline$3$1.accept(ReferencePipeline.java:195)
at java.base/java.util.Spliterators$ArraySpliterator.tryAdvance(Spliterators.java:958)
at java.base/java.util.stream.ReferencePipeline.forEachWithCancel(ReferencePipeline.java:127)
at java.base/java.util.stream.AbstractPipeline.copyIntoWithCancel(AbstractPipeline.java:502)
at java.base/java.util.stream.AbstractPipeline.copyInto(AbstractPipeline.java:488)
at java.base/java.util.stream.AbstractPipeline.wrapAndCopyInto(AbstractPipeline.java:474)
at java.base/java.util.stream.FindOps$FindOp.evaluateSequential(FindOps.java:150)
at java.base/java.util.stream.AbstractPipeline.evaluate(AbstractPipeline.java:234)
at java.base/java.util.stream.ReferencePipeline.findFirst(ReferencePipeline.java:543)
at org.openqa.selenium.remote.ProtocolHandshake.createSession(ProtocolHandshake.java:128)
at org.openqa.selenium.remote.ProtocolHandshake.createSession(ProtocolHandshake.java:74)
at org.openqa.selenium.remote.HttpCommandExecutor.execute(HttpCommandExecutor.java:136)
at org.openqa.selenium.remote.service.DriverCommandExecutor.execute(DriverCommandExecutor.java:83)
at org.openqa.selenium.remote.RemoteWebDriver.execute(RemoteWebDriver.java:552)
at org.openqa.selenium.remote.RemoteWebDriver.startSession(RemoteWebDriver.java:213)
at org.openqa.selenium.remote.RemoteWebDriver.<init>(RemoteWebDriver.java:131)
at org.openqa.selenium.chrome.ChromeDriver.<init>(ChromeDriver.java:181)
at org.openqa.selenium.chrome.ChromeDriver.<init>(ChromeDriver.java:168)
at org.openqa.selenium.chrome.ChromeDriver.<init>(ChromeDriver.java:123)
at stepdefinations.OrangeHRM.i_open_browser_with_url(OrangeHRM.java:24)
at ✽.i open browser with url "http://orangehrm.qedgetech.com"(file:///C:/Users/DELL/eclipse-workspace/OrangeHRM_Cucumber/featurefiles/employee.feature:8)
]]>
    </error>
  </testcase> <!-- runScenario -->
  <testcase classname="testrunners.EmployeeRegTest" name="runScenario" time="1.985">
    <error message="session not created: This version of ChromeDriver only supports Chrome version 119
Current browser version is 126.0.6478.127 with binary path C:\Program Files\Google\Chrome\Application\chrome.exe
Build info: version: &#039;3.141.59&#039;, revision: &#039;e82be7d358&#039;, time: &#039;2018-11-14T08:17:03&#039;
System info: host: &#039;MRBIJAYKUMAR&#039;, ip: &#039;192.168.1.44&#039;, os.name: &#039;Windows 10&#039;, os.arch: &#039;amd64&#039;, os.version: &#039;10.0&#039;, java.version: &#039;11.0.9&#039;
Driver info: driver.version: ChromeDriver
remote stacktrace: 	GetHandleVerifier [0x00007FF799AE82B2+55298]
	(No symbol) [0x00007FF799A55E02]
	(No symbol) [0x00007FF7999105AB]
	(No symbol) [0x00007FF799943E72]
	(No symbol) [0x00007FF7999432FE]
	(No symbol) [0x00007FF79993EC6C]
	(No symbol) [0x00007FF79993B30E]
	(No symbol) [0x00007FF79997A198]
	(No symbol) [0x00007FF799979CB0]
	(No symbol) [0x00007FF799971E83]
	(No symbol) [0x00007FF79994670A]
	(No symbol) [0x00007FF799947964]
	GetHandleVerifier [0x00007FF799E60AAB+3694587]
	GetHandleVerifier [0x00007FF799EB728E+4048862]
	GetHandleVerifier [0x00007FF799EAF173+4015811]
	GetHandleVerifier [0x00007FF799B847D6+695590]
	(No symbol) [0x00007FF799A60CE8]
	(No symbol) [0x00007FF799A5CF34]
	(No symbol) [0x00007FF799A5D062]
	(No symbol) [0x00007FF799A4D3A3]
	BaseThreadInitThunk [0x00007FFFAEE1257D+29]
	RtlUserThreadStart [0x00007FFFAFFCAF28+40]
" type="org.openqa.selenium.SessionNotCreatedException">
      <![CDATA[org.openqa.selenium.SessionNotCreatedException: session not created: This version of ChromeDriver only supports Chrome version 119
Current browser version is 126.0.6478.127 with binary path C:\Program Files\Google\Chrome\Application\chrome.exe
Build info: version: '3.141.59', revision: 'e82be7d358', time: '2018-11-14T08:17:03'
System info: host: 'MRBIJAYKUMAR', ip: '192.168.1.44', os.name: 'Windows 10', os.arch: 'amd64', os.version: '10.0', java.version: '11.0.9'
Driver info: driver.version: ChromeDriver
remote stacktrace: GetHandleVerifier [0x00007FF799AE82B2+55298]
(No symbol) [0x00007FF799A55E02]
(No symbol) [0x00007FF7999105AB]
(No symbol) [0x00007FF799943E72]
(No symbol) [0x00007FF7999432FE]
(No symbol) [0x00007FF79993EC6C]
(No symbol) [0x00007FF79993B30E]
(No symbol) [0x00007FF79997A198]
(No symbol) [0x00007FF799979CB0]
(No symbol) [0x00007FF799971E83]
(No symbol) [0x00007FF79994670A]
(No symbol) [0x00007FF799947964]
GetHandleVerifier [0x00007FF799E60AAB+3694587]
GetHandleVerifier [0x00007FF799EB728E+4048862]
GetHandleVerifier [0x00007FF799EAF173+4015811]
GetHandleVerifier [0x00007FF799B847D6+695590]
(No symbol) [0x00007FF799A60CE8]
(No symbol) [0x00007FF799A5CF34]
(No symbol) [0x00007FF799A5D062]
(No symbol) [0x00007FF799A4D3A3]
BaseThreadInitThunk [0x00007FFFAEE1257D+29]
RtlUserThreadStart [0x00007FFFAFFCAF28+40]

at java.base/jdk.internal.reflect.NativeConstructorAccessorImpl.newInstance0(Native Method)
at java.base/jdk.internal.reflect.NativeConstructorAccessorImpl.newInstance(NativeConstructorAccessorImpl.java:62)
at java.base/jdk.internal.reflect.DelegatingConstructorAccessorImpl.newInstance(DelegatingConstructorAccessorImpl.java:45)
at java.base/java.lang.reflect.Constructor.newInstance(Constructor.java:490)
at org.openqa.selenium.remote.W3CHandshakeResponse.lambda$errorHandler$0(W3CHandshakeResponse.java:62)
at org.openqa.selenium.remote.HandshakeResponse.lambda$getResponseFunction$0(HandshakeResponse.java:30)
at org.openqa.selenium.remote.ProtocolHandshake.lambda$createSession$0(ProtocolHandshake.java:126)
at java.base/java.util.stream.ReferencePipeline$3$1.accept(ReferencePipeline.java:195)
at java.base/java.util.Spliterators$ArraySpliterator.tryAdvance(Spliterators.java:958)
at java.base/java.util.stream.ReferencePipeline.forEachWithCancel(ReferencePipeline.java:127)
at java.base/java.util.stream.AbstractPipeline.copyIntoWithCancel(AbstractPipeline.java:502)
at java.base/java.util.stream.AbstractPipeline.copyInto(AbstractPipeline.java:488)
at java.base/java.util.stream.AbstractPipeline.wrapAndCopyInto(AbstractPipeline.java:474)
at java.base/java.util.stream.FindOps$FindOp.evaluateSequential(FindOps.java:150)
at java.base/java.util.stream.AbstractPipeline.evaluate(AbstractPipeline.java:234)
at java.base/java.util.stream.ReferencePipeline.findFirst(ReferencePipeline.java:543)
at org.openqa.selenium.remote.ProtocolHandshake.createSession(ProtocolHandshake.java:128)
at org.openqa.selenium.remote.ProtocolHandshake.createSession(ProtocolHandshake.java:74)
at org.openqa.selenium.remote.HttpCommandExecutor.execute(HttpCommandExecutor.java:136)
at org.openqa.selenium.remote.service.DriverCommandExecutor.execute(DriverCommandExecutor.java:83)
at org.openqa.selenium.remote.RemoteWebDriver.execute(RemoteWebDriver.java:552)
at org.openqa.selenium.remote.RemoteWebDriver.startSession(RemoteWebDriver.java:213)
at org.openqa.selenium.remote.RemoteWebDriver.<init>(RemoteWebDriver.java:131)
at org.openqa.selenium.chrome.ChromeDriver.<init>(ChromeDriver.java:181)
at org.openqa.selenium.chrome.ChromeDriver.<init>(ChromeDriver.java:168)
at org.openqa.selenium.chrome.ChromeDriver.<init>(ChromeDriver.java:123)
at stepdefinations.OrangeHRM.i_open_browser_with_url(OrangeHRM.java:24)
at ✽.i open browser with url "http://orangehrm.qedgetech.com"(file:///C:/Users/DELL/eclipse-workspace/OrangeHRM_Cucumber/featurefiles/employee.feature:8)
]]>
    </error>
  </testcase> <!-- runScenario -->
</testsuite> <!-- testrunners.EmployeeRegTest -->
